d:\project\sdk\eeg_algo_sdk_windows\algo sdk sample\x64\release\algo sdk sample.ipdb
d:\project\sdk\eeg_algo_sdk_windows\algo sdk sample\x64\release\algo sdk sample.iobj
d:\project\sdk\eeg_algo_sdk_windows\algo sdk sample\algo sdk sample\x64\release\vc142.pdb
d:\project\sdk\eeg_algo_sdk_windows\algo sdk sample\algo sdk sample\x64\release\algo sdk sample.obj
d:\project\sdk\eeg_algo_sdk_windows\algo sdk sample\algo sdk sample\x64\release\algo sdk sample.pch
d:\project\sdk\eeg_algo_sdk_windows\algo sdk sample\algo sdk sample\x64\release\stdafx.obj
d:\project\sdk\eeg_algo_sdk_windows\algo sdk sample\algo sdk sample\x64\release\algo sdk sample.res
d:\project\sdk\eeg_algo_sdk_windows\algo sdk sample\algo sdk sample\x64\release\algo sdk sample.vcxprojassemblyreference.cache
d:\project\sdk\eeg_algo_sdk_windows\algo sdk sample\x64\release\algo sdk sample.pdb
d:\project\sdk\eeg_algo_sdk_windows\algo sdk sample\x64\release\algo sdk sample.exe
d:\project\sdk\eeg_algo_sdk_windows\algo sdk sample\algo sdk sample\x64\release\algo sdk sample.tlog\algo sdk sample.write.1u.tlog
d:\project\sdk\eeg_algo_sdk_windows\algo sdk sample\algo sdk sample\x64\release\algo sdk sample.tlog\cl.command.1.tlog
d:\project\sdk\eeg_algo_sdk_windows\algo sdk sample\algo sdk sample\x64\release\algo sdk sample.tlog\cl.read.1.tlog
d:\project\sdk\eeg_algo_sdk_windows\algo sdk sample\algo sdk sample\x64\release\algo sdk sample.tlog\cl.write.1.tlog
d:\project\sdk\eeg_algo_sdk_windows\algo sdk sample\algo sdk sample\x64\release\algo sdk sample.tlog\link.command.1.tlog
d:\project\sdk\eeg_algo_sdk_windows\algo sdk sample\algo sdk sample\x64\release\algo sdk sample.tlog\link.delete.1.tlog
d:\project\sdk\eeg_algo_sdk_windows\algo sdk sample\algo sdk sample\x64\release\algo sdk sample.tlog\link.read.1.tlog
d:\project\sdk\eeg_algo_sdk_windows\algo sdk sample\algo sdk sample\x64\release\algo sdk sample.tlog\link.write.1.tlog
d:\project\sdk\eeg_algo_sdk_windows\algo sdk sample\algo sdk sample\x64\release\algo sdk sample.tlog\rc.command.1.tlog
d:\project\sdk\eeg_algo_sdk_windows\algo sdk sample\algo sdk sample\x64\release\algo sdk sample.tlog\rc.read.1.tlog
d:\project\sdk\eeg_algo_sdk_windows\algo sdk sample\algo sdk sample\x64\release\algo sdk sample.tlog\rc.write.1.tlog
